<?xml version="1.0" encoding="UTF-8"?>
<!-- Generated by org.testng.reporters.JUnitReportReporter -->
<testsuite hostname="DESKTOP-5B0AKUV" failures="0" tests="1" name="testNgclasses.Basic" time="0.035" errors="0" timestamp="2021-10-11T10:35:00 IST" skipped="0">
  <testcase classname="testNgclasses.Basic" name="test" time="0.035"/>
  <system-out/>
</testsuite> <!-- testNgclasses.Basic -->
